<?xml version="1.0" encoding="UTF-8"?>
<!-- Generated by org.testng.reporters.JUnitReportReporter -->
<testsuite hostname="LAPTOP-R42384PP" failures="0" tests="4" name="testblack1.NewTest1" time="0.020" errors="0" timestamp="2023-04-27T12:04:47 IST" skipped="0">
  <testcase classname="testblack1.NewTest1" name="div" time="0.001"/>
  <system-out/>
  <testcase classname="testblack1.NewTest1" name="sub" time="0.002"/>
  <system-out/>
  <testcase classname="testblack1.NewTest1" name="add" time="0.016"/>
  <system-out/>
  <testcase classname="testblack1.NewTest1" name="mul" time="0.001"/>
  <system-out/>
</testsuite> <!-- testblack1.NewTest1 -->
