<?xml version="1.0" encoding="UTF-8"?>
<!-- Generated by org.testng.reporters.JUnitReportReporter -->
<testsuite hostname="LAPTOP-R42384PP" failures="0" tests="1" name="testblack1.NewTest" time="31.406" errors="0" timestamp="2023-04-27T10:22:07 IST" skipped="0">
  <testcase classname="testblack1.NewTest" name="TC_002" time="31.406"/>
  <system-out/>
</testsuite> <!-- testblack1.NewTest -->
