<?xml version="1.0" encoding="UTF-8"?>
<!-- Generated by org.testng.reporters.JUnitReportReporter -->
<testsuite hostname="LAPTOP-R42384PP" failures="0" tests="2" name="testblack1.NewTest4" time="32.391" errors="0" timestamp="2023-04-27T15:20:13 IST" skipped="0">
  <testcase classname="testblack1.NewTest4" name="tc_2" time="16.737"/>
  <system-out/>
  <testcase classname="testblack1.NewTest4" name="tc_1" time="15.654"/>
  <system-out/>
</testsuite> <!-- testblack1.NewTest4 -->
