<?xml version="1.0" encoding="UTF-8"?>
<!-- Generated by org.testng.reporters.JUnitReportReporter -->
<testsuite hostname="LAPTOP-R42384PP" failures="0" tests="1" name="testblack1.NewTest3" time="26.999" errors="0" timestamp="2023-04-27T15:10:52 IST" skipped="0">
  <testcase classname="testblack1.NewTest3" name="test_001" time="26.999"/>
  <system-out/>
</testsuite> <!-- testblack1.NewTest3 -->
